# *** Summary *********************************************
#     qrun: Errors:   0, Warnings:   0
#     vlog: Errors:   0, Warnings:   0
#     vopt: Errors:   0, Warnings:   2
#   Totals: Errors:   0, Warnings:   2
# vsim -L work -L pmi_work -L ovi_ice40up -lib qrun.out/work -wlf vsim.wlf -gui -do "view wave" -do "add wave /*" -do "run 100 ns" -statslog qrun.out/stats_log qrun_opt -suppress vsim-7033,vsim-8630,3009,3389 -appendlog -l qrun.log 
# Start time: 22:29:35 on Sep 22,2025
# Loading sv_std.std
# Loading work.top_tb(fast)
# Loading work.top(fast)
# Loading ovi_ice40up.HSOSC(fast)
# Loading work.slowclock(fast)
# Loading work.synchronizer(fast)
# Loading work.keyscanner(fast)
# Loading work.debouncer(fast)
# Loading work.decoder(fast)
# Loading work.multiplex(fast)
# Loading work.sevensegdisplay(fast)
# view wave
# .main_pane.wave.interior.cs.body.pw.wf
# add wave /*
# run 100 ns
# Causality operation skipped due to absence of debug database file
run 500
run 5000
run -all
# Break key hit
# Simulation stop requested.
add wave -position insertpoint  \
sim:/top_tb/dut/sync/clk
add wave -position insertpoint  \
sim:/top_tb/dut/sync/asyncinput
add wave -position insertpoint  \
sim:/top_tb/dut/sync/syncoutput
# Error opening C:/Users/ccoggshall/Desktop/e155lab3/lab3_cc/simtopsync1/nofile
# Path name 'C:/Users/ccoggshall/Desktop/e155lab3/lab3_cc/simtopsync1/nofile' doesn't exist.
restart -f
# Loading work.top_tb(fast)
# Loading work.top(fast)
# Loading ovi_ice40up.HSOSC(fast)
# Loading work.slowclock(fast)
# Loading work.synchronizer(fast)
# Loading work.keyscanner(fast)
# Loading work.debouncer(fast)
# Loading work.decoder(fast)
# Loading work.multiplex(fast)
# Loading work.sevensegdisplay(fast)
run 10000
# End time: 23:48:24 on Sep 22,2025, Elapsed time: 1:18:49
# Errors: 0, Warnings: 0
