# *** Summary *********************************************
#     qrun: Errors:   0, Warnings:   0
#     vlog: Errors:   0, Warnings:   0
#     vopt: Errors:   0, Warnings:   3
#   Totals: Errors:   0, Warnings:   3
# vsim -L work -L pmi_work -L ovi_ice40up -lib qrun.out/work -wlf vsim.wlf -gui -do "view wave" -do "add wave /*" -do "run 100 ns" -statslog qrun.out/stats_log qrun_opt -suppress vsim-7033,vsim-8630,3009,3389 -appendlog -l qrun.log 
# Start time: 00:28:48 on Sep 22,2025
# Loading sv_std.std
# Loading work.top_tb(fast)
# Loading work.top(fast)
# Loading work.synchronizer(fast)
# Loading work.keyscanner(fast)
# Loading work.debouncer(fast)
# Loading work.decoder(fast)
# Loading work.multiplex(fast)
# Loading work.sevensegdisplay(fast)
# ** Warning: (vsim-2685) [TFMPC] - Too few port connections for 'dut'.  Expected 7, found 6.
#    Time: 0 ns  Iteration: 0  Instance: /top_tb/dut File: C:/Users/ccoggshall/Desktop/e155lab3/lab3_cc/source/impl_1/top_tb.sv Line: 14
# ** Warning: (vsim-3722) C:/Users/ccoggshall/Desktop/e155lab3/lab3_cc/source/impl_1/top_tb.sv(14): [TFMPC] - Missing connection for port 'curstate'.
# view wave
# .main_pane.wave.interior.cs.body.pw.wf
# add wave /*
# run 100 ns
add wave -position insertpoint  \
sim:/top_tb/dut/oldpress \
sim:/top_tb/dut/newpress \
sim:/top_tb/dut/currentpress \
sim:/top_tb/dut/pulseenable \
sim:/top_tb/dut/rowpressed
add wave -position insertpoint  \
sim:/top_tb/dut/ks/state
add wave -position insertpoint  \
sim:/top_tb/dut/db/state
restart -f
# ** Note: (vsim-12125) Error and warning message counts have been reset to '0' because of 'restart'.
# Loading work.top_tb(fast)
# Loading work.top(fast)
# Loading work.synchronizer(fast)
# Loading work.keyscanner(fast)
# Loading work.debouncer(fast)
# Loading work.decoder(fast)
# Loading work.multiplex(fast)
# Loading work.sevensegdisplay(fast)
# ** Warning: (vsim-2685) [TFMPC] - Too few port connections for 'dut'.  Expected 7, found 6.
#    Time: 0 ns  Iteration: 0  Instance: /top_tb/dut File: C:/Users/ccoggshall/Desktop/e155lab3/lab3_cc/source/impl_1/top_tb.sv Line: 14
# ** Warning: (vsim-3722) C:/Users/ccoggshall/Desktop/e155lab3/lab3_cc/source/impl_1/top_tb.sv(14): [TFMPC] - Missing connection for port 'curstate'.
run 500
# Causality operation skipped due to absence of debug database file
restart -f
# ** Note: (vsim-12125) Error and warning message counts have been reset to '0' because of 'restart'.
# Loading work.top_tb(fast)
# Loading work.top(fast)
# Loading work.synchronizer(fast)
# Loading work.keyscanner(fast)
# Loading work.debouncer(fast)
# Loading work.decoder(fast)
# Loading work.multiplex(fast)
# Loading work.sevensegdisplay(fast)
# ** Warning: (vsim-2685) [TFMPC] - Too few port connections for 'dut'.  Expected 7, found 6.
#    Time: 0 ns  Iteration: 0  Instance: /top_tb/dut File: C:/Users/ccoggshall/Desktop/e155lab3/lab3_cc/source/impl_1/top_tb.sv Line: 14
# ** Warning: (vsim-3722) C:/Users/ccoggshall/Desktop/e155lab3/lab3_cc/source/impl_1/top_tb.sv(14): [TFMPC] - Missing connection for port 'curstate'.
run 600
# End time: 00:52:25 on Sep 22,2025, Elapsed time: 0:23:37
# Errors: 0, Warnings: 2
