# *** Summary *********************************************
#     qrun: Errors:   0, Warnings:   0
#     vlog: Errors:   0, Warnings:   0
#     vopt: Errors:   0, Warnings:   3
#   Totals: Errors:   0, Warnings:   3
# vsim -L work -L pmi_work -L ovi_ice40up -lib qrun.out/work -wlf vsim.wlf -gui -do "view wave" -do "add wave /*" -do "run 100 ns" -statslog qrun.out/stats_log qrun_opt -suppress vsim-7033,vsim-8630,3009,3389 -appendlog -l qrun.log 
# Start time: 17:03:22 on Sep 21,2025
# Loading sv_std.std
# Loading work.top_tb(fast)
# Loading work.top(fast)
# Loading work.synchronizer(fast)
# Loading work.keyscanner(fast)
# Loading work.debouncer(fast)
# Loading work.decoder(fast)
# Loading work.multiplex(fast)
# Loading work.sevensegdisplay(fast)
# view wave
# .main_pane.wave.interior.cs.body.pw.wf
# add wave /*
# run 100 ns
add wave  \
sim:/top_tb/dut/ks/currentpress \
sim:/top_tb/dut/ks/state
restart -f
# Loading work.top_tb(fast)
# Loading work.top(fast)
# Loading work.synchronizer(fast)
# Loading work.keyscanner(fast)
# Loading work.debouncer(fast)
# Loading work.decoder(fast)
# Loading work.multiplex(fast)
# Loading work.sevensegdisplay(fast)
run 1000
# Causality operation skipped due to absence of debug database file
add wave  \
sim:/top_tb/dut/dc/pulseenable
restart -f
# Loading work.top_tb(fast)
# Loading work.top(fast)
# Loading work.synchronizer(fast)
# Loading work.keyscanner(fast)
# Loading work.debouncer(fast)
# Loading work.decoder(fast)
# Loading work.multiplex(fast)
# Loading work.sevensegdisplay(fast)
run 0.5 second
# Break key hit
# Simulation stop requested.
add wave  \
sim:/top_tb/dut/db/state
restart -f
# Loading work.top_tb(fast)
# Loading work.top(fast)
# Loading work.synchronizer(fast)
# Loading work.keyscanner(fast)
# Loading work.debouncer(fast)
# Loading work.decoder(fast)
# Loading work.multiplex(fast)
# Loading work.sevensegdisplay(fast)
run 5000
add wave  \
sim:/top_tb/dut/dc/oldpress \
sim:/top_tb/dut/dc/newpress
restart -f
# Loading work.top_tb(fast)
# Loading work.top(fast)
# Loading work.synchronizer(fast)
# Loading work.keyscanner(fast)
# Loading work.debouncer(fast)
# Loading work.decoder(fast)
# Loading work.multiplex(fast)
# Loading work.sevensegdisplay(fast)
run 5000
# End time: 17:38:32 on Sep 21,2025, Elapsed time: 0:35:10
# Errors: 0, Warnings: 0
